[2024-01-13 08:48:34] local.ERROR: Uncaught Symfony\Component\Finder\Exception\DirectoryNotFoundException: The "C:\Users\comer\OneDrive\Documentos\Projectos\Ajustes\Karamba\Karamba\resources\views" directory does not exist. in C:\Users\comer\OneDrive\Documentos\Projectos\Ajustes\Karamba\vendor\symfony\finder\Finder.php:649
Stack trace:
#0 C:\Users\comer\OneDrive\Documentos\Projectos\Ajustes\Karamba\vendor\laravel\framework\src\Illuminate\Filesystem\Filesystem.php(585): Symfony\Component\Finder\Finder->in('C:\\Users\\comer\\...')
#1 Command line code(1): Illuminate\Filesystem\Filesystem->files('C:\\Users\\comer\\...')
#2 Command line code(1): getViews('C:\\Users\\comer\\...', Object(Illuminate\Filesystem\Filesystem))
#3 {main}
  thrown {"exception":"[object] (Symfony\\Component\\ErrorHandler\\Error\\FatalError(code: 0): Uncaught Symfony\\Component\\Finder\\Exception\\DirectoryNotFoundException: The \"C:\\Users\\comer\\OneDrive\\Documentos\\Projectos\\Ajustes\\Karamba\\Karamba\\resources\\views\" directory does not exist. in C:\\Users\\comer\\OneDrive\\Documentos\\Projectos\\Ajustes\\Karamba\\vendor\\symfony\\finder\\Finder.php:649
Stack trace:
#0 C:\\Users\\comer\\OneDrive\\Documentos\\Projectos\\Ajustes\\Karamba\\vendor\\laravel\\framework\\src\\Illuminate\\Filesystem\\Filesystem.php(585): Symfony\\Component\\Finder\\Finder->in('C:\\\\Users\\\\comer\\\\...')
#1 Command line code(1): Illuminate\\Filesystem\\Filesystem->files('C:\\\\Users\\\\comer\\\\...')
#2 Command line code(1): getViews('C:\\\\Users\\\\comer\\\\...', Object(Illuminate\\Filesystem\\Filesystem))
#3 {main}
  thrown at C:\\Users\\comer\\OneDrive\\Documentos\\Projectos\\Ajustes\\Karamba\\vendor\\symfony\\finder\\Finder.php:649)
[stacktrace]
#0 {main}
"} 
[2024-01-13 08:49:21] local.ERROR: file_put_contents(C:\Users\comer\OneDrive\Documentos\Projectos\Ajustes\Karamba\Karamba\storage\framework/sessions/yEXQSyd38YVAfJMg8GUqEOrd4SgV9j3wATk3h4Yc): Failed to open stream: No such file or directory {"exception":"[object] (ErrorException(code: 0): file_put_contents(C:\\Users\\comer\\OneDrive\\Documentos\\Projectos\\Ajustes\\Karamba\\Karamba\\storage\\framework/sessions/yEXQSyd38YVAfJMg8GUqEOrd4SgV9j3wATk3h4Yc): Failed to open stream: No such file or directory at C:\\Users\\comer\\OneDrive\\Documentos\\Projectos\\Ajustes\\Karamba\\vendor\\laravel\\framework\\src\\Illuminate\\Filesystem\\Filesystem.php:205)
[stacktrace]
#0 C:\\Users\\comer\\OneDrive\\Documentos\\Projectos\\Ajustes\\Karamba\\vendor\\laravel\\framework\\src\\Illuminate\\Foundation\\Bootstrap\\HandleExceptions.php(255): Illuminate\\Foundation\\Bootstrap\\HandleExceptions->handleError(2, 'file_put_conten...', 'C:\\\\Users\\\\comer\\\\...', 205)
#1 [internal function]: Illuminate\\Foundation\\Bootstrap\\HandleExceptions->Illuminate\\Foundation\\Bootstrap\\{closure}(2, 'file_put_conten...', 'C:\\\\Users\\\\comer\\\\...', 205)
#2 C:\\Users\\comer\\OneDrive\\Documentos\\Projectos\\Ajustes\\Karamba\\vendor\\laravel\\framework\\src\\Illuminate\\Filesystem\\Filesystem.php(205): file_put_contents('C:\\\\Users\\\\comer\\\\...', 'a:4:{s:6:\"_toke...', 2)
#3 C:\\Users\\comer\\OneDrive\\Documentos\\Projectos\\Ajustes\\Karamba\\vendor\\laravel\\framework\\src\\Illuminate\\Session\\FileSessionHandler.php(90): Illuminate\\Filesystem\\Filesystem->put('C:\\\\Users\\\\comer\\\\...', 'a:4:{s:6:\"_toke...', true)
#4 C:\\Users\\comer\\OneDrive\\Documentos\\Projectos\\Ajustes\\Karamba\\vendor\\laravel\\framework\\src\\Illuminate\\Session\\Store.php(173): Illuminate\\Session\\FileSessionHandler->write('yEXQSyd38YVAfJM...', 'a:4:{s:6:\"_toke...')
#5 C:\\Users\\comer\\OneDrive\\Documentos\\Projectos\\Ajustes\\Karamba\\vendor\\laravel\\framework\\src\\Illuminate\\Session\\Middleware\\StartSession.php(245): Illuminate\\Session\\Store->save()
#6 C:\\Users\\comer\\OneDrive\\Documentos\\Projectos\\Ajustes\\Karamba\\vendor\\laravel\\framework\\src\\Illuminate\\Session\\Middleware\\StartSession.php(130): Illuminate\\Session\\Middleware\\StartSession->saveSession(Object(Illuminate\\Http\\Request))
#7 C:\\Users\\comer\\OneDrive\\Documentos\\Projectos\\Ajustes\\Karamba\\vendor\\laravel\\framework\\src\\Illuminate\\Session\\Middleware\\StartSession.php(64): Illuminate\\Session\\Middleware\\StartSession->handleStatefulRequest(Object(Illuminate\\Http\\Request), Object(Illuminate\\Session\\Store), Object(Closure))
#8 C:\\Users\\comer\\OneDrive\\Documentos\\Projectos\\Ajustes\\Karamba\\vendor\\laravel\\framework\\src\\Illuminate\\Pipeline\\Pipeline.php(183): Illuminate\\Session\\Middleware\\StartSession->handle(Object(Illuminate\\Http\\Request), Object(Closure))
#9 C:\\Users\\comer\\OneDrive\\Documentos\\Projectos\\Ajustes\\Karamba\\vendor\\laravel\\framework\\src\\Illuminate\\Cookie\\Middleware\\AddQueuedCookiesToResponse.php(37): Illuminate\\Pipeline\\Pipeline->Illuminate\\Pipeline\\{closure}(Object(Illuminate\\Http\\Request))
#10 C:\\Users\\comer\\OneDrive\\Documentos\\Projectos\\Ajustes\\Karamba\\vendor\\laravel\\framework\\src\\Illuminate\\Pipeline\\Pipeline.php(183): Illuminate\\Cookie\\Middleware\\AddQueuedCookiesToResponse->handle(Object(Illuminate\\Http\\Request), Object(Closure))
#11 C:\\Users\\comer\\OneDrive\\Documentos\\Projectos\\Ajustes\\Karamba\\vendor\\laravel\\framework\\src\\Illuminate\\Cookie\\Middleware\\EncryptCookies.php(67): Illuminate\\Pipeline\\Pipeline->Illuminate\\Pipeline\\{closure}(Object(Illuminate\\Http\\Request))
#12 C:\\Users\\comer\\OneDrive\\Documentos\\Projectos\\Ajustes\\Karamba\\vendor\\laravel\\framework\\src\\Illuminate\\Pipeline\\Pipeline.php(183): Illuminate\\Cookie\\Middleware\\EncryptCookies->handle(Object(Illuminate\\Http\\Request), Object(Closure))
#13 C:\\Users\\comer\\OneDrive\\Documentos\\Projectos\\Ajustes\\Karamba\\vendor\\laravel\\framework\\src\\Illuminate\\Pipeline\\Pipeline.php(119): Illuminate\\Pipeline\\Pipeline->Illuminate\\Pipeline\\{closure}(Object(Illuminate\\Http\\Request))
#14 C:\\Users\\comer\\OneDrive\\Documentos\\Projectos\\Ajustes\\Karamba\\vendor\\laravel\\framework\\src\\Illuminate\\Routing\\Router.php(807): Illuminate\\Pipeline\\Pipeline->then(Object(Closure))
#15 C:\\Users\\comer\\OneDrive\\Documentos\\Projectos\\Ajustes\\Karamba\\vendor\\laravel\\framework\\src\\Illuminate\\Routing\\Router.php(784): Illuminate\\Routing\\Router->runRouteWithinStack(Object(Illuminate\\Routing\\Route), Object(Illuminate\\Http\\Request))
#16 C:\\Users\\comer\\OneDrive\\Documentos\\Projectos\\Ajustes\\Karamba\\vendor\\laravel\\framework\\src\\Illuminate\\Routing\\Router.php(748): Illuminate\\Routing\\Router->runRoute(Object(Illuminate\\Http\\Request), Object(Illuminate\\Routing\\Route))
#17 C:\\Users\\comer\\OneDrive\\Documentos\\Projectos\\Ajustes\\Karamba\\vendor\\laravel\\framework\\src\\Illuminate\\Routing\\Router.php(737): Illuminate\\Routing\\Router->dispatchToRoute(Object(Illuminate\\Http\\Request))
#18 C:\\Users\\comer\\OneDrive\\Documentos\\Projectos\\Ajustes\\Karamba\\vendor\\laravel\\framework\\src\\Illuminate\\Foundation\\Http\\Kernel.php(200): Illuminate\\Routing\\Router->dispatch(Object(Illuminate\\Http\\Request))
#19 C:\\Users\\comer\\OneDrive\\Documentos\\Projectos\\Ajustes\\Karamba\\vendor\\laravel\\framework\\src\\Illuminate\\Pipeline\\Pipeline.php(144): Illuminate\\Foundation\\Http\\Kernel->Illuminate\\Foundation\\Http\\{closure}(Object(Illuminate\\Http\\Request))
#20 C:\\Users\\comer\\OneDrive\\Documentos\\Projectos\\Ajustes\\Karamba\\vendor\\livewire\\livewire\\src\\Features\\SupportDisablingBackButtonCache\\DisableBackButtonCacheMiddleware.php(19): Illuminate\\Pipeline\\Pipeline->Illuminate\\Pipeline\\{closure}(Object(Illuminate\\Http\\Request))
#21 C:\\Users\\comer\\OneDrive\\Documentos\\Projectos\\Ajustes\\Karamba\\vendor\\laravel\\framework\\src\\Illuminate\\Pipeline\\Pipeline.php(183): Livewire\\Features\\SupportDisablingBackButtonCache\\DisableBackButtonCacheMiddleware->handle(Object(Illuminate\\Http\\Request), Object(Closure))
#22 C:\\Users\\comer\\OneDrive\\Documentos\\Projectos\\Ajustes\\Karamba\\vendor\\laravel\\framework\\src\\Illuminate\\Foundation\\Http\\Middleware\\TransformsRequest.php(21): Illuminate\\Pipeline\\Pipeline->Illuminate\\Pipeline\\{closure}(Object(Illuminate\\Http\\Request))
#23 C:\\Users\\comer\\OneDrive\\Documentos\\Projectos\\Ajustes\\Karamba\\vendor\\laravel\\framework\\src\\Illuminate\\Foundation\\Http\\Middleware\\ConvertEmptyStringsToNull.php(31): Illuminate\\Foundation\\Http\\Middleware\\TransformsRequest->handle(Object(Illuminate\\Http\\Request), Object(Closure))
#24 C:\\Users\\comer\\OneDrive\\Documentos\\Projectos\\Ajustes\\Karamba\\vendor\\laravel\\framework\\src\\Illuminate\\Pipeline\\Pipeline.php(183): Illuminate\\Foundation\\Http\\Middleware\\ConvertEmptyStringsToNull->handle(Object(Illuminate\\Http\\Request), Object(Closure))
#25 C:\\Users\\comer\\OneDrive\\Documentos\\Projectos\\Ajustes\\Karamba\\vendor\\laravel\\framework\\src\\Illuminate\\Foundation\\Http\\Middleware\\TransformsRequest.php(21): Illuminate\\Pipeline\\Pipeline->Illuminate\\Pipeline\\{closure}(Object(Illuminate\\Http\\Request))
#26 C:\\Users\\comer\\OneDrive\\Documentos\\Projectos\\Ajustes\\Karamba\\vendor\\laravel\\framework\\src\\Illuminate\\Foundation\\Http\\Middleware\\TrimStrings.php(40): Illuminate\\Foundation\\Http\\Middleware\\TransformsRequest->handle(Object(Illuminate\\Http\\Request), Object(Closure))
#27 C:\\Users\\comer\\OneDrive\\Documentos\\Projectos\\Ajustes\\Karamba\\vendor\\laravel\\framework\\src\\Illuminate\\Pipeline\\Pipeline.php(183): Illuminate\\Foundation\\Http\\Middleware\\TrimStrings->handle(Object(Illuminate\\Http\\Request), Object(Closure))
#28 C:\\Users\\comer\\OneDrive\\Documentos\\Projectos\\Ajustes\\Karamba\\vendor\\laravel\\framework\\src\\Illuminate\\Foundation\\Http\\Middleware\\ValidatePostSize.php(27): Illuminate\\Pipeline\\Pipeline->Illuminate\\Pipeline\\{closure}(Object(Illuminate\\Http\\Request))
#29 C:\\Users\\comer\\OneDrive\\Documentos\\Projectos\\Ajustes\\Karamba\\vendor\\laravel\\framework\\src\\Illuminate\\Pipeline\\Pipeline.php(183): Illuminate\\Foundation\\Http\\Middleware\\ValidatePostSize->handle(Object(Illuminate\\Http\\Request), Object(Closure))
#30 C:\\Users\\comer\\OneDrive\\Documentos\\Projectos\\Ajustes\\Karamba\\vendor\\laravel\\framework\\src\\Illuminate\\Foundation\\Http\\Middleware\\PreventRequestsDuringMaintenance.php(99): Illuminate\\Pipeline\\Pipeline->Illuminate\\Pipeline\\{closure}(Object(Illuminate\\Http\\Request))
#31 C:\\Users\\comer\\OneDrive\\Documentos\\Projectos\\Ajustes\\Karamba\\vendor\\laravel\\framework\\src\\Illuminate\\Pipeline\\Pipeline.php(183): Illuminate\\Foundation\\Http\\Middleware\\PreventRequestsDuringMaintenance->handle(Object(Illuminate\\Http\\Request), Object(Closure))
#32 C:\\Users\\comer\\OneDrive\\Documentos\\Projectos\\Ajustes\\Karamba\\vendor\\laravel\\framework\\src\\Illuminate\\Http\\Middleware\\HandleCors.php(49): Illuminate\\Pipeline\\Pipeline->Illuminate\\Pipeline\\{closure}(Object(Illuminate\\Http\\Request))
#33 C:\\Users\\comer\\OneDrive\\Documentos\\Projectos\\Ajustes\\Karamba\\vendor\\laravel\\framework\\src\\Illuminate\\Pipeline\\Pipeline.php(183): Illuminate\\Http\\Middleware\\HandleCors->handle(Object(Illuminate\\Http\\Request), Object(Closure))
#34 C:\\Users\\comer\\OneDrive\\Documentos\\Projectos\\Ajustes\\Karamba\\vendor\\laravel\\framework\\src\\Illuminate\\Http\\Middleware\\TrustProxies.php(39): Illuminate\\Pipeline\\Pipeline->Illuminate\\Pipeline\\{closure}(Object(Illuminate\\Http\\Request))
#35 C:\\Users\\comer\\OneDrive\\Documentos\\Projectos\\Ajustes\\Karamba\\vendor\\laravel\\framework\\src\\Illuminate\\Pipeline\\Pipeline.php(183): Illuminate\\Http\\Middleware\\TrustProxies->handle(Object(Illuminate\\Http\\Request), Object(Closure))
#36 C:\\Users\\comer\\OneDrive\\Documentos\\Projectos\\Ajustes\\Karamba\\vendor\\laravel\\framework\\src\\Illuminate\\Pipeline\\Pipeline.php(119): Illuminate\\Pipeline\\Pipeline->Illuminate\\Pipeline\\{closure}(Object(Illuminate\\Http\\Request))
#37 C:\\Users\\comer\\OneDrive\\Documentos\\Projectos\\Ajustes\\Karamba\\vendor\\laravel\\framework\\src\\Illuminate\\Foundation\\Http\\Kernel.php(175): Illuminate\\Pipeline\\Pipeline->then(Object(Closure))
#38 C:\\Users\\comer\\OneDrive\\Documentos\\Projectos\\Ajustes\\Karamba\\vendor\\laravel\\framework\\src\\Illuminate\\Foundation\\Http\\Kernel.php(144): Illuminate\\Foundation\\Http\\Kernel->sendRequestThroughRouter(Object(Illuminate\\Http\\Request))
#39 C:\\Users\\comer\\OneDrive\\Documentos\\Projectos\\Ajustes\\Karamba\\public\\index.php(52): Illuminate\\Foundation\\Http\\Kernel->handle(Object(Illuminate\\Http\\Request))
#40 C:\\Users\\comer\\OneDrive\\Documentos\\Projectos\\Ajustes\\Karamba\\vendor\\laravel\\framework\\src\\Illuminate\\Foundation\\resources\\server.php(16): require_once('C:\\\\Users\\\\comer\\\\...')
#41 {main}
"} 
[2024-01-13 08:52:31] local.ERROR: file_put_contents(C:\Users\comer\OneDrive\Documentos\Projectos\Ajustes\Karamba\Karamba\storage\framework/sessions/LpsMISqf0YvyJMq3I6sqHFzHa89mqzXreFWTTDuB): Failed to open stream: No such file or directory {"exception":"[object] (ErrorException(code: 0): file_put_contents(C:\\Users\\comer\\OneDrive\\Documentos\\Projectos\\Ajustes\\Karamba\\Karamba\\storage\\framework/sessions/LpsMISqf0YvyJMq3I6sqHFzHa89mqzXreFWTTDuB): Failed to open stream: No such file or directory at C:\\Users\\comer\\OneDrive\\Documentos\\Projectos\\Ajustes\\Karamba\\vendor\\laravel\\framework\\src\\Illuminate\\Filesystem\\Filesystem.php:205)
[stacktrace]
#0 C:\\Users\\comer\\OneDrive\\Documentos\\Projectos\\Ajustes\\Karamba\\vendor\\laravel\\framework\\src\\Illuminate\\Foundation\\Bootstrap\\HandleExceptions.php(255): Illuminate\\Foundation\\Bootstrap\\HandleExceptions->handleError(2, 'file_put_conten...', 'C:\\\\Users\\\\comer\\\\...', 205)
#1 [internal function]: Illuminate\\Foundation\\Bootstrap\\HandleExceptions->Illuminate\\Foundation\\Bootstrap\\{closure}(2, 'file_put_conten...', 'C:\\\\Users\\\\comer\\\\...', 205)
#2 C:\\Users\\comer\\OneDrive\\Documentos\\Projectos\\Ajustes\\Karamba\\vendor\\laravel\\framework\\src\\Illuminate\\Filesystem\\Filesystem.php(205): file_put_contents('C:\\\\Users\\\\comer\\\\...', 'a:4:{s:6:\"_toke...', 2)
#3 C:\\Users\\comer\\OneDrive\\Documentos\\Projectos\\Ajustes\\Karamba\\vendor\\laravel\\framework\\src\\Illuminate\\Session\\FileSessionHandler.php(90): Illuminate\\Filesystem\\Filesystem->put('C:\\\\Users\\\\comer\\\\...', 'a:4:{s:6:\"_toke...', true)
#4 C:\\Users\\comer\\OneDrive\\Documentos\\Projectos\\Ajustes\\Karamba\\vendor\\laravel\\framework\\src\\Illuminate\\Session\\Store.php(173): Illuminate\\Session\\FileSessionHandler->write('LpsMISqf0YvyJMq...', 'a:4:{s:6:\"_toke...')
#5 C:\\Users\\comer\\OneDrive\\Documentos\\Projectos\\Ajustes\\Karamba\\vendor\\laravel\\framework\\src\\Illuminate\\Session\\Middleware\\StartSession.php(245): Illuminate\\Session\\Store->save()
#6 C:\\Users\\comer\\OneDrive\\Documentos\\Projectos\\Ajustes\\Karamba\\vendor\\laravel\\framework\\src\\Illuminate\\Session\\Middleware\\StartSession.php(130): Illuminate\\Session\\Middleware\\StartSession->saveSession(Object(Illuminate\\Http\\Request))
#7 C:\\Users\\comer\\OneDrive\\Documentos\\Projectos\\Ajustes\\Karamba\\vendor\\laravel\\framework\\src\\Illuminate\\Session\\Middleware\\StartSession.php(64): Illuminate\\Session\\Middleware\\StartSession->handleStatefulRequest(Object(Illuminate\\Http\\Request), Object(Illuminate\\Session\\Store), Object(Closure))
#8 C:\\Users\\comer\\OneDrive\\Documentos\\Projectos\\Ajustes\\Karamba\\vendor\\laravel\\framework\\src\\Illuminate\\Pipeline\\Pipeline.php(183): Illuminate\\Session\\Middleware\\StartSession->handle(Object(Illuminate\\Http\\Request), Object(Closure))
#9 C:\\Users\\comer\\OneDrive\\Documentos\\Projectos\\Ajustes\\Karamba\\vendor\\laravel\\framework\\src\\Illuminate\\Cookie\\Middleware\\AddQueuedCookiesToResponse.php(37): Illuminate\\Pipeline\\Pipeline->Illuminate\\Pipeline\\{closure}(Object(Illuminate\\Http\\Request))
#10 C:\\Users\\comer\\OneDrive\\Documentos\\Projectos\\Ajustes\\Karamba\\vendor\\laravel\\framework\\src\\Illuminate\\Pipeline\\Pipeline.php(183): Illuminate\\Cookie\\Middleware\\AddQueuedCookiesToResponse->handle(Object(Illuminate\\Http\\Request), Object(Closure))
#11 C:\\Users\\comer\\OneDrive\\Documentos\\Projectos\\Ajustes\\Karamba\\vendor\\laravel\\framework\\src\\Illuminate\\Cookie\\Middleware\\EncryptCookies.php(67): Illuminate\\Pipeline\\Pipeline->Illuminate\\Pipeline\\{closure}(Object(Illuminate\\Http\\Request))
#12 C:\\Users\\comer\\OneDrive\\Documentos\\Projectos\\Ajustes\\Karamba\\vendor\\laravel\\framework\\src\\Illuminate\\Pipeline\\Pipeline.php(183): Illuminate\\Cookie\\Middleware\\EncryptCookies->handle(Object(Illuminate\\Http\\Request), Object(Closure))
#13 C:\\Users\\comer\\OneDrive\\Documentos\\Projectos\\Ajustes\\Karamba\\vendor\\laravel\\framework\\src\\Illuminate\\Pipeline\\Pipeline.php(119): Illuminate\\Pipeline\\Pipeline->Illuminate\\Pipeline\\{closure}(Object(Illuminate\\Http\\Request))
#14 C:\\Users\\comer\\OneDrive\\Documentos\\Projectos\\Ajustes\\Karamba\\vendor\\laravel\\framework\\src\\Illuminate\\Routing\\Router.php(807): Illuminate\\Pipeline\\Pipeline->then(Object(Closure))
#15 C:\\Users\\comer\\OneDrive\\Documentos\\Projectos\\Ajustes\\Karamba\\vendor\\laravel\\framework\\src\\Illuminate\\Routing\\Router.php(784): Illuminate\\Routing\\Router->runRouteWithinStack(Object(Illuminate\\Routing\\Route), Object(Illuminate\\Http\\Request))
#16 C:\\Users\\comer\\OneDrive\\Documentos\\Projectos\\Ajustes\\Karamba\\vendor\\laravel\\framework\\src\\Illuminate\\Routing\\Router.php(748): Illuminate\\Routing\\Router->runRoute(Object(Illuminate\\Http\\Request), Object(Illuminate\\Routing\\Route))
#17 C:\\Users\\comer\\OneDrive\\Documentos\\Projectos\\Ajustes\\Karamba\\vendor\\laravel\\framework\\src\\Illuminate\\Routing\\Router.php(737): Illuminate\\Routing\\Router->dispatchToRoute(Object(Illuminate\\Http\\Request))
#18 C:\\Users\\comer\\OneDrive\\Documentos\\Projectos\\Ajustes\\Karamba\\vendor\\laravel\\framework\\src\\Illuminate\\Foundation\\Http\\Kernel.php(200): Illuminate\\Routing\\Router->dispatch(Object(Illuminate\\Http\\Request))
#19 C:\\Users\\comer\\OneDrive\\Documentos\\Projectos\\Ajustes\\Karamba\\vendor\\laravel\\framework\\src\\Illuminate\\Pipeline\\Pipeline.php(144): Illuminate\\Foundation\\Http\\Kernel->Illuminate\\Foundation\\Http\\{closure}(Object(Illuminate\\Http\\Request))
#20 C:\\Users\\comer\\OneDrive\\Documentos\\Projectos\\Ajustes\\Karamba\\vendor\\livewire\\livewire\\src\\Features\\SupportDisablingBackButtonCache\\DisableBackButtonCacheMiddleware.php(19): Illuminate\\Pipeline\\Pipeline->Illuminate\\Pipeline\\{closure}(Object(Illuminate\\Http\\Request))
#21 C:\\Users\\comer\\OneDrive\\Documentos\\Projectos\\Ajustes\\Karamba\\vendor\\laravel\\framework\\src\\Illuminate\\Pipeline\\Pipeline.php(183): Livewire\\Features\\SupportDisablingBackButtonCache\\DisableBackButtonCacheMiddleware->handle(Object(Illuminate\\Http\\Request), Object(Closure))
#22 C:\\Users\\comer\\OneDrive\\Documentos\\Projectos\\Ajustes\\Karamba\\vendor\\laravel\\framework\\src\\Illuminate\\Foundation\\Http\\Middleware\\TransformsRequest.php(21): Illuminate\\Pipeline\\Pipeline->Illuminate\\Pipeline\\{closure}(Object(Illuminate\\Http\\Request))
#23 C:\\Users\\comer\\OneDrive\\Documentos\\Projectos\\Ajustes\\Karamba\\vendor\\laravel\\framework\\src\\Illuminate\\Foundation\\Http\\Middleware\\ConvertEmptyStringsToNull.php(31): Illuminate\\Foundation\\Http\\Middleware\\TransformsRequest->handle(Object(Illuminate\\Http\\Request), Object(Closure))
#24 C:\\Users\\comer\\OneDrive\\Documentos\\Projectos\\Ajustes\\Karamba\\vendor\\laravel\\framework\\src\\Illuminate\\Pipeline\\Pipeline.php(183): Illuminate\\Foundation\\Http\\Middleware\\ConvertEmptyStringsToNull->handle(Object(Illuminate\\Http\\Request), Object(Closure))
#25 C:\\Users\\comer\\OneDrive\\Documentos\\Projectos\\Ajustes\\Karamba\\vendor\\laravel\\framework\\src\\Illuminate\\Foundation\\Http\\Middleware\\TransformsRequest.php(21): Illuminate\\Pipeline\\Pipeline->Illuminate\\Pipeline\\{closure}(Object(Illuminate\\Http\\Request))
#26 C:\\Users\\comer\\OneDrive\\Documentos\\Projectos\\Ajustes\\Karamba\\vendor\\laravel\\framework\\src\\Illuminate\\Foundation\\Http\\Middleware\\TrimStrings.php(40): Illuminate\\Foundation\\Http\\Middleware\\TransformsRequest->handle(Object(Illuminate\\Http\\Request), Object(Closure))
#27 C:\\Users\\comer\\OneDrive\\Documentos\\Projectos\\Ajustes\\Karamba\\vendor\\laravel\\framework\\src\\Illuminate\\Pipeline\\Pipeline.php(183): Illuminate\\Foundation\\Http\\Middleware\\TrimStrings->handle(Object(Illuminate\\Http\\Request), Object(Closure))
#28 C:\\Users\\comer\\OneDrive\\Documentos\\Projectos\\Ajustes\\Karamba\\vendor\\laravel\\framework\\src\\Illuminate\\Foundation\\Http\\Middleware\\ValidatePostSize.php(27): Illuminate\\Pipeline\\Pipeline->Illuminate\\Pipeline\\{closure}(Object(Illuminate\\Http\\Request))
#29 C:\\Users\\comer\\OneDrive\\Documentos\\Projectos\\Ajustes\\Karamba\\vendor\\laravel\\framework\\src\\Illuminate\\Pipeline\\Pipeline.php(183): Illuminate\\Foundation\\Http\\Middleware\\ValidatePostSize->handle(Object(Illuminate\\Http\\Request), Object(Closure))
#30 C:\\Users\\comer\\OneDrive\\Documentos\\Projectos\\Ajustes\\Karamba\\vendor\\laravel\\framework\\src\\Illuminate\\Foundation\\Http\\Middleware\\PreventRequestsDuringMaintenance.php(99): Illuminate\\Pipeline\\Pipeline->Illuminate\\Pipeline\\{closure}(Object(Illuminate\\Http\\Request))
#31 C:\\Users\\comer\\OneDrive\\Documentos\\Projectos\\Ajustes\\Karamba\\vendor\\laravel\\framework\\src\\Illuminate\\Pipeline\\Pipeline.php(183): Illuminate\\Foundation\\Http\\Middleware\\PreventRequestsDuringMaintenance->handle(Object(Illuminate\\Http\\Request), Object(Closure))
#32 C:\\Users\\comer\\OneDrive\\Documentos\\Projectos\\Ajustes\\Karamba\\vendor\\laravel\\framework\\src\\Illuminate\\Http\\Middleware\\HandleCors.php(49): Illuminate\\Pipeline\\Pipeline->Illuminate\\Pipeline\\{closure}(Object(Illuminate\\Http\\Request))
#33 C:\\Users\\comer\\OneDrive\\Documentos\\Projectos\\Ajustes\\Karamba\\vendor\\laravel\\framework\\src\\Illuminate\\Pipeline\\Pipeline.php(183): Illuminate\\Http\\Middleware\\HandleCors->handle(Object(Illuminate\\Http\\Request), Object(Closure))
#34 C:\\Users\\comer\\OneDrive\\Documentos\\Projectos\\Ajustes\\Karamba\\vendor\\laravel\\framework\\src\\Illuminate\\Http\\Middleware\\TrustProxies.php(39): Illuminate\\Pipeline\\Pipeline->Illuminate\\Pipeline\\{closure}(Object(Illuminate\\Http\\Request))
#35 C:\\Users\\comer\\OneDrive\\Documentos\\Projectos\\Ajustes\\Karamba\\vendor\\laravel\\framework\\src\\Illuminate\\Pipeline\\Pipeline.php(183): Illuminate\\Http\\Middleware\\TrustProxies->handle(Object(Illuminate\\Http\\Request), Object(Closure))
#36 C:\\Users\\comer\\OneDrive\\Documentos\\Projectos\\Ajustes\\Karamba\\vendor\\laravel\\framework\\src\\Illuminate\\Pipeline\\Pipeline.php(119): Illuminate\\Pipeline\\Pipeline->Illuminate\\Pipeline\\{closure}(Object(Illuminate\\Http\\Request))
#37 C:\\Users\\comer\\OneDrive\\Documentos\\Projectos\\Ajustes\\Karamba\\vendor\\laravel\\framework\\src\\Illuminate\\Foundation\\Http\\Kernel.php(175): Illuminate\\Pipeline\\Pipeline->then(Object(Closure))
#38 C:\\Users\\comer\\OneDrive\\Documentos\\Projectos\\Ajustes\\Karamba\\vendor\\laravel\\framework\\src\\Illuminate\\Foundation\\Http\\Kernel.php(144): Illuminate\\Foundation\\Http\\Kernel->sendRequestThroughRouter(Object(Illuminate\\Http\\Request))
#39 C:\\Users\\comer\\OneDrive\\Documentos\\Projectos\\Ajustes\\Karamba\\public\\index.php(52): Illuminate\\Foundation\\Http\\Kernel->handle(Object(Illuminate\\Http\\Request))
#40 C:\\Users\\comer\\OneDrive\\Documentos\\Projectos\\Ajustes\\Karamba\\vendor\\laravel\\framework\\src\\Illuminate\\Foundation\\resources\\server.php(16): require_once('C:\\\\Users\\\\comer\\\\...')
#41 {main}
"} 
[2024-01-13 08:52:34] local.ERROR: file_put_contents(C:\Users\comer\OneDrive\Documentos\Projectos\Ajustes\Karamba\Karamba\storage\framework/sessions/GRsHjXWh0ne6Me7tkYLlHB5ioUKakWefsrh5vfVj): Failed to open stream: No such file or directory {"exception":"[object] (ErrorException(code: 0): file_put_contents(C:\\Users\\comer\\OneDrive\\Documentos\\Projectos\\Ajustes\\Karamba\\Karamba\\storage\\framework/sessions/GRsHjXWh0ne6Me7tkYLlHB5ioUKakWefsrh5vfVj): Failed to open stream: No such file or directory at C:\\Users\\comer\\OneDrive\\Documentos\\Projectos\\Ajustes\\Karamba\\vendor\\laravel\\framework\\src\\Illuminate\\Filesystem\\Filesystem.php:205)
[stacktrace]
#0 C:\\Users\\comer\\OneDrive\\Documentos\\Projectos\\Ajustes\\Karamba\\vendor\\laravel\\framework\\src\\Illuminate\\Foundation\\Bootstrap\\HandleExceptions.php(255): Illuminate\\Foundation\\Bootstrap\\HandleExceptions->handleError(2, 'file_put_conten...', 'C:\\\\Users\\\\comer\\\\...', 205)
#1 [internal function]: Illuminate\\Foundation\\Bootstrap\\HandleExceptions->Illuminate\\Foundation\\Bootstrap\\{closure}(2, 'file_put_conten...', 'C:\\\\Users\\\\comer\\\\...', 205)
#2 C:\\Users\\comer\\OneDrive\\Documentos\\Projectos\\Ajustes\\Karamba\\vendor\\laravel\\framework\\src\\Illuminate\\Filesystem\\Filesystem.php(205): file_put_contents('C:\\\\Users\\\\comer\\\\...', 'a:4:{s:6:\"_toke...', 2)
#3 C:\\Users\\comer\\OneDrive\\Documentos\\Projectos\\Ajustes\\Karamba\\vendor\\laravel\\framework\\src\\Illuminate\\Session\\FileSessionHandler.php(90): Illuminate\\Filesystem\\Filesystem->put('C:\\\\Users\\\\comer\\\\...', 'a:4:{s:6:\"_toke...', true)
#4 C:\\Users\\comer\\OneDrive\\Documentos\\Projectos\\Ajustes\\Karamba\\vendor\\laravel\\framework\\src\\Illuminate\\Session\\Store.php(173): Illuminate\\Session\\FileSessionHandler->write('GRsHjXWh0ne6Me7...', 'a:4:{s:6:\"_toke...')
#5 C:\\Users\\comer\\OneDrive\\Documentos\\Projectos\\Ajustes\\Karamba\\vendor\\laravel\\framework\\src\\Illuminate\\Session\\Middleware\\StartSession.php(245): Illuminate\\Session\\Store->save()
#6 C:\\Users\\comer\\OneDrive\\Documentos\\Projectos\\Ajustes\\Karamba\\vendor\\laravel\\framework\\src\\Illuminate\\Session\\Middleware\\StartSession.php(130): Illuminate\\Session\\Middleware\\StartSession->saveSession(Object(Illuminate\\Http\\Request))
#7 C:\\Users\\comer\\OneDrive\\Documentos\\Projectos\\Ajustes\\Karamba\\vendor\\laravel\\framework\\src\\Illuminate\\Session\\Middleware\\StartSession.php(64): Illuminate\\Session\\Middleware\\StartSession->handleStatefulRequest(Object(Illuminate\\Http\\Request), Object(Illuminate\\Session\\Store), Object(Closure))
#8 C:\\Users\\comer\\OneDrive\\Documentos\\Projectos\\Ajustes\\Karamba\\vendor\\laravel\\framework\\src\\Illuminate\\Pipeline\\Pipeline.php(183): Illuminate\\Session\\Middleware\\StartSession->handle(Object(Illuminate\\Http\\Request), Object(Closure))
#9 C:\\Users\\comer\\OneDrive\\Documentos\\Projectos\\Ajustes\\Karamba\\vendor\\laravel\\framework\\src\\Illuminate\\Cookie\\Middleware\\AddQueuedCookiesToResponse.php(37): Illuminate\\Pipeline\\Pipeline->Illuminate\\Pipeline\\{closure}(Object(Illuminate\\Http\\Request))
#10 C:\\Users\\comer\\OneDrive\\Documentos\\Projectos\\Ajustes\\Karamba\\vendor\\laravel\\framework\\src\\Illuminate\\Pipeline\\Pipeline.php(183): Illuminate\\Cookie\\Middleware\\AddQueuedCookiesToResponse->handle(Object(Illuminate\\Http\\Request), Object(Closure))
#11 C:\\Users\\comer\\OneDrive\\Documentos\\Projectos\\Ajustes\\Karamba\\vendor\\laravel\\framework\\src\\Illuminate\\Cookie\\Middleware\\EncryptCookies.php(67): Illuminate\\Pipeline\\Pipeline->Illuminate\\Pipeline\\{closure}(Object(Illuminate\\Http\\Request))
#12 C:\\Users\\comer\\OneDrive\\Documentos\\Projectos\\Ajustes\\Karamba\\vendor\\laravel\\framework\\src\\Illuminate\\Pipeline\\Pipeline.php(183): Illuminate\\Cookie\\Middleware\\EncryptCookies->handle(Object(Illuminate\\Http\\Request), Object(Closure))
#13 C:\\Users\\comer\\OneDrive\\Documentos\\Projectos\\Ajustes\\Karamba\\vendor\\laravel\\framework\\src\\Illuminate\\Pipeline\\Pipeline.php(119): Illuminate\\Pipeline\\Pipeline->Illuminate\\Pipeline\\{closure}(Object(Illuminate\\Http\\Request))
#14 C:\\Users\\comer\\OneDrive\\Documentos\\Projectos\\Ajustes\\Karamba\\vendor\\laravel\\framework\\src\\Illuminate\\Routing\\Router.php(807): Illuminate\\Pipeline\\Pipeline->then(Object(Closure))
#15 C:\\Users\\comer\\OneDrive\\Documentos\\Projectos\\Ajustes\\Karamba\\vendor\\laravel\\framework\\src\\Illuminate\\Routing\\Router.php(784): Illuminate\\Routing\\Router->runRouteWithinStack(Object(Illuminate\\Routing\\Route), Object(Illuminate\\Http\\Request))
#16 C:\\Users\\comer\\OneDrive\\Documentos\\Projectos\\Ajustes\\Karamba\\vendor\\laravel\\framework\\src\\Illuminate\\Routing\\Router.php(748): Illuminate\\Routing\\Router->runRoute(Object(Illuminate\\Http\\Request), Object(Illuminate\\Routing\\Route))
#17 C:\\Users\\comer\\OneDrive\\Documentos\\Projectos\\Ajustes\\Karamba\\vendor\\laravel\\framework\\src\\Illuminate\\Routing\\Router.php(737): Illuminate\\Routing\\Router->dispatchToRoute(Object(Illuminate\\Http\\Request))
#18 C:\\Users\\comer\\OneDrive\\Documentos\\Projectos\\Ajustes\\Karamba\\vendor\\laravel\\framework\\src\\Illuminate\\Foundation\\Http\\Kernel.php(200): Illuminate\\Routing\\Router->dispatch(Object(Illuminate\\Http\\Request))
#19 C:\\Users\\comer\\OneDrive\\Documentos\\Projectos\\Ajustes\\Karamba\\vendor\\laravel\\framework\\src\\Illuminate\\Pipeline\\Pipeline.php(144): Illuminate\\Foundation\\Http\\Kernel->Illuminate\\Foundation\\Http\\{closure}(Object(Illuminate\\Http\\Request))
#20 C:\\Users\\comer\\OneDrive\\Documentos\\Projectos\\Ajustes\\Karamba\\vendor\\livewire\\livewire\\src\\Features\\SupportDisablingBackButtonCache\\DisableBackButtonCacheMiddleware.php(19): Illuminate\\Pipeline\\Pipeline->Illuminate\\Pipeline\\{closure}(Object(Illuminate\\Http\\Request))
#21 C:\\Users\\comer\\OneDrive\\Documentos\\Projectos\\Ajustes\\Karamba\\vendor\\laravel\\framework\\src\\Illuminate\\Pipeline\\Pipeline.php(183): Livewire\\Features\\SupportDisablingBackButtonCache\\DisableBackButtonCacheMiddleware->handle(Object(Illuminate\\Http\\Request), Object(Closure))
#22 C:\\Users\\comer\\OneDrive\\Documentos\\Projectos\\Ajustes\\Karamba\\vendor\\laravel\\framework\\src\\Illuminate\\Foundation\\Http\\Middleware\\TransformsRequest.php(21): Illuminate\\Pipeline\\Pipeline->Illuminate\\Pipeline\\{closure}(Object(Illuminate\\Http\\Request))
#23 C:\\Users\\comer\\OneDrive\\Documentos\\Projectos\\Ajustes\\Karamba\\vendor\\laravel\\framework\\src\\Illuminate\\Foundation\\Http\\Middleware\\ConvertEmptyStringsToNull.php(31): Illuminate\\Foundation\\Http\\Middleware\\TransformsRequest->handle(Object(Illuminate\\Http\\Request), Object(Closure))
#24 C:\\Users\\comer\\OneDrive\\Documentos\\Projectos\\Ajustes\\Karamba\\vendor\\laravel\\framework\\src\\Illuminate\\Pipeline\\Pipeline.php(183): Illuminate\\Foundation\\Http\\Middleware\\ConvertEmptyStringsToNull->handle(Object(Illuminate\\Http\\Request), Object(Closure))
#25 C:\\Users\\comer\\OneDrive\\Documentos\\Projectos\\Ajustes\\Karamba\\vendor\\laravel\\framework\\src\\Illuminate\\Foundation\\Http\\Middleware\\TransformsRequest.php(21): Illuminate\\Pipeline\\Pipeline->Illuminate\\Pipeline\\{closure}(Object(Illuminate\\Http\\Request))
#26 C:\\Users\\comer\\OneDrive\\Documentos\\Projectos\\Ajustes\\Karamba\\vendor\\laravel\\framework\\src\\Illuminate\\Foundation\\Http\\Middleware\\TrimStrings.php(40): Illuminate\\Foundation\\Http\\Middleware\\TransformsRequest->handle(Object(Illuminate\\Http\\Request), Object(Closure))
#27 C:\\Users\\comer\\OneDrive\\Documentos\\Projectos\\Ajustes\\Karamba\\vendor\\laravel\\framework\\src\\Illuminate\\Pipeline\\Pipeline.php(183): Illuminate\\Foundation\\Http\\Middleware\\TrimStrings->handle(Object(Illuminate\\Http\\Request), Object(Closure))
#28 C:\\Users\\comer\\OneDrive\\Documentos\\Projectos\\Ajustes\\Karamba\\vendor\\laravel\\framework\\src\\Illuminate\\Foundation\\Http\\Middleware\\ValidatePostSize.php(27): Illuminate\\Pipeline\\Pipeline->Illuminate\\Pipeline\\{closure}(Object(Illuminate\\Http\\Request))
#29 C:\\Users\\comer\\OneDrive\\Documentos\\Projectos\\Ajustes\\Karamba\\vendor\\laravel\\framework\\src\\Illuminate\\Pipeline\\Pipeline.php(183): Illuminate\\Foundation\\Http\\Middleware\\ValidatePostSize->handle(Object(Illuminate\\Http\\Request), Object(Closure))
#30 C:\\Users\\comer\\OneDrive\\Documentos\\Projectos\\Ajustes\\Karamba\\vendor\\laravel\\framework\\src\\Illuminate\\Foundation\\Http\\Middleware\\PreventRequestsDuringMaintenance.php(99): Illuminate\\Pipeline\\Pipeline->Illuminate\\Pipeline\\{closure}(Object(Illuminate\\Http\\Request))
#31 C:\\Users\\comer\\OneDrive\\Documentos\\Projectos\\Ajustes\\Karamba\\vendor\\laravel\\framework\\src\\Illuminate\\Pipeline\\Pipeline.php(183): Illuminate\\Foundation\\Http\\Middleware\\PreventRequestsDuringMaintenance->handle(Object(Illuminate\\Http\\Request), Object(Closure))
#32 C:\\Users\\comer\\OneDrive\\Documentos\\Projectos\\Ajustes\\Karamba\\vendor\\laravel\\framework\\src\\Illuminate\\Http\\Middleware\\HandleCors.php(49): Illuminate\\Pipeline\\Pipeline->Illuminate\\Pipeline\\{closure}(Object(Illuminate\\Http\\Request))
#33 C:\\Users\\comer\\OneDrive\\Documentos\\Projectos\\Ajustes\\Karamba\\vendor\\laravel\\framework\\src\\Illuminate\\Pipeline\\Pipeline.php(183): Illuminate\\Http\\Middleware\\HandleCors->handle(Object(Illuminate\\Http\\Request), Object(Closure))
#34 C:\\Users\\comer\\OneDrive\\Documentos\\Projectos\\Ajustes\\Karamba\\vendor\\laravel\\framework\\src\\Illuminate\\Http\\Middleware\\TrustProxies.php(39): Illuminate\\Pipeline\\Pipeline->Illuminate\\Pipeline\\{closure}(Object(Illuminate\\Http\\Request))
#35 C:\\Users\\comer\\OneDrive\\Documentos\\Projectos\\Ajustes\\Karamba\\vendor\\laravel\\framework\\src\\Illuminate\\Pipeline\\Pipeline.php(183): Illuminate\\Http\\Middleware\\TrustProxies->handle(Object(Illuminate\\Http\\Request), Object(Closure))
#36 C:\\Users\\comer\\OneDrive\\Documentos\\Projectos\\Ajustes\\Karamba\\vendor\\laravel\\framework\\src\\Illuminate\\Pipeline\\Pipeline.php(119): Illuminate\\Pipeline\\Pipeline->Illuminate\\Pipeline\\{closure}(Object(Illuminate\\Http\\Request))
#37 C:\\Users\\comer\\OneDrive\\Documentos\\Projectos\\Ajustes\\Karamba\\vendor\\laravel\\framework\\src\\Illuminate\\Foundation\\Http\\Kernel.php(175): Illuminate\\Pipeline\\Pipeline->then(Object(Closure))
#38 C:\\Users\\comer\\OneDrive\\Documentos\\Projectos\\Ajustes\\Karamba\\vendor\\laravel\\framework\\src\\Illuminate\\Foundation\\Http\\Kernel.php(144): Illuminate\\Foundation\\Http\\Kernel->sendRequestThroughRouter(Object(Illuminate\\Http\\Request))
#39 C:\\Users\\comer\\OneDrive\\Documentos\\Projectos\\Ajustes\\Karamba\\public\\index.php(52): Illuminate\\Foundation\\Http\\Kernel->handle(Object(Illuminate\\Http\\Request))
#40 C:\\Users\\comer\\OneDrive\\Documentos\\Projectos\\Ajustes\\Karamba\\vendor\\laravel\\framework\\src\\Illuminate\\Foundation\\resources\\server.php(16): require_once('C:\\\\Users\\\\comer\\\\...')
#41 {main}
"} 
[2024-01-13 08:55:38] local.ERROR: file_put_contents(C:\Users\comer\OneDrive\Documentos\Projectos\Ajustes\Karamba\Karamba\storage\framework/sessions/Xog3G5RVOHQb7QO9O28WD9SGdI3QPnu3lUwkJukC): Failed to open stream: No such file or directory {"exception":"[object] (ErrorException(code: 0): file_put_contents(C:\\Users\\comer\\OneDrive\\Documentos\\Projectos\\Ajustes\\Karamba\\Karamba\\storage\\framework/sessions/Xog3G5RVOHQb7QO9O28WD9SGdI3QPnu3lUwkJukC): Failed to open stream: No such file or directory at C:\\Users\\comer\\OneDrive\\Documentos\\Projectos\\Ajustes\\Karamba\\vendor\\laravel\\framework\\src\\Illuminate\\Filesystem\\Filesystem.php:205)
[stacktrace]
#0 C:\\Users\\comer\\OneDrive\\Documentos\\Projectos\\Ajustes\\Karamba\\vendor\\laravel\\framework\\src\\Illuminate\\Foundation\\Bootstrap\\HandleExceptions.php(255): Illuminate\\Foundation\\Bootstrap\\HandleExceptions->handleError(2, 'file_put_conten...', 'C:\\\\Users\\\\comer\\\\...', 205)
#1 [internal function]: Illuminate\\Foundation\\Bootstrap\\HandleExceptions->Illuminate\\Foundation\\Bootstrap\\{closure}(2, 'file_put_conten...', 'C:\\\\Users\\\\comer\\\\...', 205)
#2 C:\\Users\\comer\\OneDrive\\Documentos\\Projectos\\Ajustes\\Karamba\\vendor\\laravel\\framework\\src\\Illuminate\\Filesystem\\Filesystem.php(205): file_put_contents('C:\\\\Users\\\\comer\\\\...', 'a:4:{s:6:\"_toke...', 2)
#3 C:\\Users\\comer\\OneDrive\\Documentos\\Projectos\\Ajustes\\Karamba\\vendor\\laravel\\framework\\src\\Illuminate\\Session\\FileSessionHandler.php(90): Illuminate\\Filesystem\\Filesystem->put('C:\\\\Users\\\\comer\\\\...', 'a:4:{s:6:\"_toke...', true)
#4 C:\\Users\\comer\\OneDrive\\Documentos\\Projectos\\Ajustes\\Karamba\\vendor\\laravel\\framework\\src\\Illuminate\\Session\\Store.php(173): Illuminate\\Session\\FileSessionHandler->write('Xog3G5RVOHQb7QO...', 'a:4:{s:6:\"_toke...')
#5 C:\\Users\\comer\\OneDrive\\Documentos\\Projectos\\Ajustes\\Karamba\\vendor\\laravel\\framework\\src\\Illuminate\\Session\\Middleware\\StartSession.php(245): Illuminate\\Session\\Store->save()
#6 C:\\Users\\comer\\OneDrive\\Documentos\\Projectos\\Ajustes\\Karamba\\vendor\\laravel\\framework\\src\\Illuminate\\Session\\Middleware\\StartSession.php(130): Illuminate\\Session\\Middleware\\StartSession->saveSession(Object(Illuminate\\Http\\Request))
#7 C:\\Users\\comer\\OneDrive\\Documentos\\Projectos\\Ajustes\\Karamba\\vendor\\laravel\\framework\\src\\Illuminate\\Session\\Middleware\\StartSession.php(64): Illuminate\\Session\\Middleware\\StartSession->handleStatefulRequest(Object(Illuminate\\Http\\Request), Object(Illuminate\\Session\\Store), Object(Closure))
#8 C:\\Users\\comer\\OneDrive\\Documentos\\Projectos\\Ajustes\\Karamba\\vendor\\laravel\\framework\\src\\Illuminate\\Pipeline\\Pipeline.php(183): Illuminate\\Session\\Middleware\\StartSession->handle(Object(Illuminate\\Http\\Request), Object(Closure))
#9 C:\\Users\\comer\\OneDrive\\Documentos\\Projectos\\Ajustes\\Karamba\\vendor\\laravel\\framework\\src\\Illuminate\\Cookie\\Middleware\\AddQueuedCookiesToResponse.php(37): Illuminate\\Pipeline\\Pipeline->Illuminate\\Pipeline\\{closure}(Object(Illuminate\\Http\\Request))
#10 C:\\Users\\comer\\OneDrive\\Documentos\\Projectos\\Ajustes\\Karamba\\vendor\\laravel\\framework\\src\\Illuminate\\Pipeline\\Pipeline.php(183): Illuminate\\Cookie\\Middleware\\AddQueuedCookiesToResponse->handle(Object(Illuminate\\Http\\Request), Object(Closure))
#11 C:\\Users\\comer\\OneDrive\\Documentos\\Projectos\\Ajustes\\Karamba\\vendor\\laravel\\framework\\src\\Illuminate\\Cookie\\Middleware\\EncryptCookies.php(67): Illuminate\\Pipeline\\Pipeline->Illuminate\\Pipeline\\{closure}(Object(Illuminate\\Http\\Request))
#12 C:\\Users\\comer\\OneDrive\\Documentos\\Projectos\\Ajustes\\Karamba\\vendor\\laravel\\framework\\src\\Illuminate\\Pipeline\\Pipeline.php(183): Illuminate\\Cookie\\Middleware\\EncryptCookies->handle(Object(Illuminate\\Http\\Request), Object(Closure))
#13 C:\\Users\\comer\\OneDrive\\Documentos\\Projectos\\Ajustes\\Karamba\\vendor\\laravel\\framework\\src\\Illuminate\\Pipeline\\Pipeline.php(119): Illuminate\\Pipeline\\Pipeline->Illuminate\\Pipeline\\{closure}(Object(Illuminate\\Http\\Request))
#14 C:\\Users\\comer\\OneDrive\\Documentos\\Projectos\\Ajustes\\Karamba\\vendor\\laravel\\framework\\src\\Illuminate\\Routing\\Router.php(807): Illuminate\\Pipeline\\Pipeline->then(Object(Closure))
#15 C:\\Users\\comer\\OneDrive\\Documentos\\Projectos\\Ajustes\\Karamba\\vendor\\laravel\\framework\\src\\Illuminate\\Routing\\Router.php(784): Illuminate\\Routing\\Router->runRouteWithinStack(Object(Illuminate\\Routing\\Route), Object(Illuminate\\Http\\Request))
#16 C:\\Users\\comer\\OneDrive\\Documentos\\Projectos\\Ajustes\\Karamba\\vendor\\laravel\\framework\\src\\Illuminate\\Routing\\Router.php(748): Illuminate\\Routing\\Router->runRoute(Object(Illuminate\\Http\\Request), Object(Illuminate\\Routing\\Route))
#17 C:\\Users\\comer\\OneDrive\\Documentos\\Projectos\\Ajustes\\Karamba\\vendor\\laravel\\framework\\src\\Illuminate\\Routing\\Router.php(737): Illuminate\\Routing\\Router->dispatchToRoute(Object(Illuminate\\Http\\Request))
#18 C:\\Users\\comer\\OneDrive\\Documentos\\Projectos\\Ajustes\\Karamba\\vendor\\laravel\\framework\\src\\Illuminate\\Foundation\\Http\\Kernel.php(200): Illuminate\\Routing\\Router->dispatch(Object(Illuminate\\Http\\Request))
#19 C:\\Users\\comer\\OneDrive\\Documentos\\Projectos\\Ajustes\\Karamba\\vendor\\laravel\\framework\\src\\Illuminate\\Pipeline\\Pipeline.php(144): Illuminate\\Foundation\\Http\\Kernel->Illuminate\\Foundation\\Http\\{closure}(Object(Illuminate\\Http\\Request))
#20 C:\\Users\\comer\\OneDrive\\Documentos\\Projectos\\Ajustes\\Karamba\\vendor\\livewire\\livewire\\src\\Features\\SupportDisablingBackButtonCache\\DisableBackButtonCacheMiddleware.php(19): Illuminate\\Pipeline\\Pipeline->Illuminate\\Pipeline\\{closure}(Object(Illuminate\\Http\\Request))
#21 C:\\Users\\comer\\OneDrive\\Documentos\\Projectos\\Ajustes\\Karamba\\vendor\\laravel\\framework\\src\\Illuminate\\Pipeline\\Pipeline.php(183): Livewire\\Features\\SupportDisablingBackButtonCache\\DisableBackButtonCacheMiddleware->handle(Object(Illuminate\\Http\\Request), Object(Closure))
#22 C:\\Users\\comer\\OneDrive\\Documentos\\Projectos\\Ajustes\\Karamba\\vendor\\laravel\\framework\\src\\Illuminate\\Foundation\\Http\\Middleware\\TransformsRequest.php(21): Illuminate\\Pipeline\\Pipeline->Illuminate\\Pipeline\\{closure}(Object(Illuminate\\Http\\Request))
#23 C:\\Users\\comer\\OneDrive\\Documentos\\Projectos\\Ajustes\\Karamba\\vendor\\laravel\\framework\\src\\Illuminate\\Foundation\\Http\\Middleware\\ConvertEmptyStringsToNull.php(31): Illuminate\\Foundation\\Http\\Middleware\\TransformsRequest->handle(Object(Illuminate\\Http\\Request), Object(Closure))
#24 C:\\Users\\comer\\OneDrive\\Documentos\\Projectos\\Ajustes\\Karamba\\vendor\\laravel\\framework\\src\\Illuminate\\Pipeline\\Pipeline.php(183): Illuminate\\Foundation\\Http\\Middleware\\ConvertEmptyStringsToNull->handle(Object(Illuminate\\Http\\Request), Object(Closure))
#25 C:\\Users\\comer\\OneDrive\\Documentos\\Projectos\\Ajustes\\Karamba\\vendor\\laravel\\framework\\src\\Illuminate\\Foundation\\Http\\Middleware\\TransformsRequest.php(21): Illuminate\\Pipeline\\Pipeline->Illuminate\\Pipeline\\{closure}(Object(Illuminate\\Http\\Request))
#26 C:\\Users\\comer\\OneDrive\\Documentos\\Projectos\\Ajustes\\Karamba\\vendor\\laravel\\framework\\src\\Illuminate\\Foundation\\Http\\Middleware\\TrimStrings.php(40): Illuminate\\Foundation\\Http\\Middleware\\TransformsRequest->handle(Object(Illuminate\\Http\\Request), Object(Closure))
#27 C:\\Users\\comer\\OneDrive\\Documentos\\Projectos\\Ajustes\\Karamba\\vendor\\laravel\\framework\\src\\Illuminate\\Pipeline\\Pipeline.php(183): Illuminate\\Foundation\\Http\\Middleware\\TrimStrings->handle(Object(Illuminate\\Http\\Request), Object(Closure))
#28 C:\\Users\\comer\\OneDrive\\Documentos\\Projectos\\Ajustes\\Karamba\\vendor\\laravel\\framework\\src\\Illuminate\\Foundation\\Http\\Middleware\\ValidatePostSize.php(27): Illuminate\\Pipeline\\Pipeline->Illuminate\\Pipeline\\{closure}(Object(Illuminate\\Http\\Request))
#29 C:\\Users\\comer\\OneDrive\\Documentos\\Projectos\\Ajustes\\Karamba\\vendor\\laravel\\framework\\src\\Illuminate\\Pipeline\\Pipeline.php(183): Illuminate\\Foundation\\Http\\Middleware\\ValidatePostSize->handle(Object(Illuminate\\Http\\Request), Object(Closure))
#30 C:\\Users\\comer\\OneDrive\\Documentos\\Projectos\\Ajustes\\Karamba\\vendor\\laravel\\framework\\src\\Illuminate\\Foundation\\Http\\Middleware\\PreventRequestsDuringMaintenance.php(99): Illuminate\\Pipeline\\Pipeline->Illuminate\\Pipeline\\{closure}(Object(Illuminate\\Http\\Request))
#31 C:\\Users\\comer\\OneDrive\\Documentos\\Projectos\\Ajustes\\Karamba\\vendor\\laravel\\framework\\src\\Illuminate\\Pipeline\\Pipeline.php(183): Illuminate\\Foundation\\Http\\Middleware\\PreventRequestsDuringMaintenance->handle(Object(Illuminate\\Http\\Request), Object(Closure))
#32 C:\\Users\\comer\\OneDrive\\Documentos\\Projectos\\Ajustes\\Karamba\\vendor\\laravel\\framework\\src\\Illuminate\\Http\\Middleware\\HandleCors.php(49): Illuminate\\Pipeline\\Pipeline->Illuminate\\Pipeline\\{closure}(Object(Illuminate\\Http\\Request))
#33 C:\\Users\\comer\\OneDrive\\Documentos\\Projectos\\Ajustes\\Karamba\\vendor\\laravel\\framework\\src\\Illuminate\\Pipeline\\Pipeline.php(183): Illuminate\\Http\\Middleware\\HandleCors->handle(Object(Illuminate\\Http\\Request), Object(Closure))
#34 C:\\Users\\comer\\OneDrive\\Documentos\\Projectos\\Ajustes\\Karamba\\vendor\\laravel\\framework\\src\\Illuminate\\Http\\Middleware\\TrustProxies.php(39): Illuminate\\Pipeline\\Pipeline->Illuminate\\Pipeline\\{closure}(Object(Illuminate\\Http\\Request))
#35 C:\\Users\\comer\\OneDrive\\Documentos\\Projectos\\Ajustes\\Karamba\\vendor\\laravel\\framework\\src\\Illuminate\\Pipeline\\Pipeline.php(183): Illuminate\\Http\\Middleware\\TrustProxies->handle(Object(Illuminate\\Http\\Request), Object(Closure))
#36 C:\\Users\\comer\\OneDrive\\Documentos\\Projectos\\Ajustes\\Karamba\\vendor\\laravel\\framework\\src\\Illuminate\\Pipeline\\Pipeline.php(119): Illuminate\\Pipeline\\Pipeline->Illuminate\\Pipeline\\{closure}(Object(Illuminate\\Http\\Request))
#37 C:\\Users\\comer\\OneDrive\\Documentos\\Projectos\\Ajustes\\Karamba\\vendor\\laravel\\framework\\src\\Illuminate\\Foundation\\Http\\Kernel.php(175): Illuminate\\Pipeline\\Pipeline->then(Object(Closure))
#38 C:\\Users\\comer\\OneDrive\\Documentos\\Projectos\\Ajustes\\Karamba\\vendor\\laravel\\framework\\src\\Illuminate\\Foundation\\Http\\Kernel.php(144): Illuminate\\Foundation\\Http\\Kernel->sendRequestThroughRouter(Object(Illuminate\\Http\\Request))
#39 C:\\Users\\comer\\OneDrive\\Documentos\\Projectos\\Ajustes\\Karamba\\public\\index.php(52): Illuminate\\Foundation\\Http\\Kernel->handle(Object(Illuminate\\Http\\Request))
#40 C:\\Users\\comer\\OneDrive\\Documentos\\Projectos\\Ajustes\\Karamba\\vendor\\laravel\\framework\\src\\Illuminate\\Foundation\\resources\\server.php(16): require_once('C:\\\\Users\\\\comer\\\\...')
#41 {main}
"} 
[2024-01-13 08:55:40] local.ERROR: file_put_contents(C:\Users\comer\OneDrive\Documentos\Projectos\Ajustes\Karamba\Karamba\storage\framework/sessions/cQ4fegFVjSp5eiueL4owkznvG3IrudqhCTSvHoUp): Failed to open stream: No such file or directory {"exception":"[object] (ErrorException(code: 0): file_put_contents(C:\\Users\\comer\\OneDrive\\Documentos\\Projectos\\Ajustes\\Karamba\\Karamba\\storage\\framework/sessions/cQ4fegFVjSp5eiueL4owkznvG3IrudqhCTSvHoUp): Failed to open stream: No such file or directory at C:\\Users\\comer\\OneDrive\\Documentos\\Projectos\\Ajustes\\Karamba\\vendor\\laravel\\framework\\src\\Illuminate\\Filesystem\\Filesystem.php:205)
[stacktrace]
#0 C:\\Users\\comer\\OneDrive\\Documentos\\Projectos\\Ajustes\\Karamba\\vendor\\laravel\\framework\\src\\Illuminate\\Foundation\\Bootstrap\\HandleExceptions.php(255): Illuminate\\Foundation\\Bootstrap\\HandleExceptions->handleError(2, 'file_put_conten...', 'C:\\\\Users\\\\comer\\\\...', 205)
#1 [internal function]: Illuminate\\Foundation\\Bootstrap\\HandleExceptions->Illuminate\\Foundation\\Bootstrap\\{closure}(2, 'file_put_conten...', 'C:\\\\Users\\\\comer\\\\...', 205)
#2 C:\\Users\\comer\\OneDrive\\Documentos\\Projectos\\Ajustes\\Karamba\\vendor\\laravel\\framework\\src\\Illuminate\\Filesystem\\Filesystem.php(205): file_put_contents('C:\\\\Users\\\\comer\\\\...', 'a:4:{s:6:\"_toke...', 2)
#3 C:\\Users\\comer\\OneDrive\\Documentos\\Projectos\\Ajustes\\Karamba\\vendor\\laravel\\framework\\src\\Illuminate\\Session\\FileSessionHandler.php(90): Illuminate\\Filesystem\\Filesystem->put('C:\\\\Users\\\\comer\\\\...', 'a:4:{s:6:\"_toke...', true)
#4 C:\\Users\\comer\\OneDrive\\Documentos\\Projectos\\Ajustes\\Karamba\\vendor\\laravel\\framework\\src\\Illuminate\\Session\\Store.php(173): Illuminate\\Session\\FileSessionHandler->write('cQ4fegFVjSp5eiu...', 'a:4:{s:6:\"_toke...')
#5 C:\\Users\\comer\\OneDrive\\Documentos\\Projectos\\Ajustes\\Karamba\\vendor\\laravel\\framework\\src\\Illuminate\\Session\\Middleware\\StartSession.php(245): Illuminate\\Session\\Store->save()
#6 C:\\Users\\comer\\OneDrive\\Documentos\\Projectos\\Ajustes\\Karamba\\vendor\\laravel\\framework\\src\\Illuminate\\Session\\Middleware\\StartSession.php(130): Illuminate\\Session\\Middleware\\StartSession->saveSession(Object(Illuminate\\Http\\Request))
#7 C:\\Users\\comer\\OneDrive\\Documentos\\Projectos\\Ajustes\\Karamba\\vendor\\laravel\\framework\\src\\Illuminate\\Session\\Middleware\\StartSession.php(64): Illuminate\\Session\\Middleware\\StartSession->handleStatefulRequest(Object(Illuminate\\Http\\Request), Object(Illuminate\\Session\\Store), Object(Closure))
#8 C:\\Users\\comer\\OneDrive\\Documentos\\Projectos\\Ajustes\\Karamba\\vendor\\laravel\\framework\\src\\Illuminate\\Pipeline\\Pipeline.php(183): Illuminate\\Session\\Middleware\\StartSession->handle(Object(Illuminate\\Http\\Request), Object(Closure))
#9 C:\\Users\\comer\\OneDrive\\Documentos\\Projectos\\Ajustes\\Karamba\\vendor\\laravel\\framework\\src\\Illuminate\\Cookie\\Middleware\\AddQueuedCookiesToResponse.php(37): Illuminate\\Pipeline\\Pipeline->Illuminate\\Pipeline\\{closure}(Object(Illuminate\\Http\\Request))
#10 C:\\Users\\comer\\OneDrive\\Documentos\\Projectos\\Ajustes\\Karamba\\vendor\\laravel\\framework\\src\\Illuminate\\Pipeline\\Pipeline.php(183): Illuminate\\Cookie\\Middleware\\AddQueuedCookiesToResponse->handle(Object(Illuminate\\Http\\Request), Object(Closure))
#11 C:\\Users\\comer\\OneDrive\\Documentos\\Projectos\\Ajustes\\Karamba\\vendor\\laravel\\framework\\src\\Illuminate\\Cookie\\Middleware\\EncryptCookies.php(67): Illuminate\\Pipeline\\Pipeline->Illuminate\\Pipeline\\{closure}(Object(Illuminate\\Http\\Request))
#12 C:\\Users\\comer\\OneDrive\\Documentos\\Projectos\\Ajustes\\Karamba\\vendor\\laravel\\framework\\src\\Illuminate\\Pipeline\\Pipeline.php(183): Illuminate\\Cookie\\Middleware\\EncryptCookies->handle(Object(Illuminate\\Http\\Request), Object(Closure))
#13 C:\\Users\\comer\\OneDrive\\Documentos\\Projectos\\Ajustes\\Karamba\\vendor\\laravel\\framework\\src\\Illuminate\\Pipeline\\Pipeline.php(119): Illuminate\\Pipeline\\Pipeline->Illuminate\\Pipeline\\{closure}(Object(Illuminate\\Http\\Request))
#14 C:\\Users\\comer\\OneDrive\\Documentos\\Projectos\\Ajustes\\Karamba\\vendor\\laravel\\framework\\src\\Illuminate\\Routing\\Router.php(807): Illuminate\\Pipeline\\Pipeline->then(Object(Closure))
#15 C:\\Users\\comer\\OneDrive\\Documentos\\Projectos\\Ajustes\\Karamba\\vendor\\laravel\\framework\\src\\Illuminate\\Routing\\Router.php(784): Illuminate\\Routing\\Router->runRouteWithinStack(Object(Illuminate\\Routing\\Route), Object(Illuminate\\Http\\Request))
#16 C:\\Users\\comer\\OneDrive\\Documentos\\Projectos\\Ajustes\\Karamba\\vendor\\laravel\\framework\\src\\Illuminate\\Routing\\Router.php(748): Illuminate\\Routing\\Router->runRoute(Object(Illuminate\\Http\\Request), Object(Illuminate\\Routing\\Route))
#17 C:\\Users\\comer\\OneDrive\\Documentos\\Projectos\\Ajustes\\Karamba\\vendor\\laravel\\framework\\src\\Illuminate\\Routing\\Router.php(737): Illuminate\\Routing\\Router->dispatchToRoute(Object(Illuminate\\Http\\Request))
#18 C:\\Users\\comer\\OneDrive\\Documentos\\Projectos\\Ajustes\\Karamba\\vendor\\laravel\\framework\\src\\Illuminate\\Foundation\\Http\\Kernel.php(200): Illuminate\\Routing\\Router->dispatch(Object(Illuminate\\Http\\Request))
#19 C:\\Users\\comer\\OneDrive\\Documentos\\Projectos\\Ajustes\\Karamba\\vendor\\laravel\\framework\\src\\Illuminate\\Pipeline\\Pipeline.php(144): Illuminate\\Foundation\\Http\\Kernel->Illuminate\\Foundation\\Http\\{closure}(Object(Illuminate\\Http\\Request))
#20 C:\\Users\\comer\\OneDrive\\Documentos\\Projectos\\Ajustes\\Karamba\\vendor\\livewire\\livewire\\src\\Features\\SupportDisablingBackButtonCache\\DisableBackButtonCacheMiddleware.php(19): Illuminate\\Pipeline\\Pipeline->Illuminate\\Pipeline\\{closure}(Object(Illuminate\\Http\\Request))
#21 C:\\Users\\comer\\OneDrive\\Documentos\\Projectos\\Ajustes\\Karamba\\vendor\\laravel\\framework\\src\\Illuminate\\Pipeline\\Pipeline.php(183): Livewire\\Features\\SupportDisablingBackButtonCache\\DisableBackButtonCacheMiddleware->handle(Object(Illuminate\\Http\\Request), Object(Closure))
#22 C:\\Users\\comer\\OneDrive\\Documentos\\Projectos\\Ajustes\\Karamba\\vendor\\laravel\\framework\\src\\Illuminate\\Foundation\\Http\\Middleware\\TransformsRequest.php(21): Illuminate\\Pipeline\\Pipeline->Illuminate\\Pipeline\\{closure}(Object(Illuminate\\Http\\Request))
#23 C:\\Users\\comer\\OneDrive\\Documentos\\Projectos\\Ajustes\\Karamba\\vendor\\laravel\\framework\\src\\Illuminate\\Foundation\\Http\\Middleware\\ConvertEmptyStringsToNull.php(31): Illuminate\\Foundation\\Http\\Middleware\\TransformsRequest->handle(Object(Illuminate\\Http\\Request), Object(Closure))
#24 C:\\Users\\comer\\OneDrive\\Documentos\\Projectos\\Ajustes\\Karamba\\vendor\\laravel\\framework\\src\\Illuminate\\Pipeline\\Pipeline.php(183): Illuminate\\Foundation\\Http\\Middleware\\ConvertEmptyStringsToNull->handle(Object(Illuminate\\Http\\Request), Object(Closure))
#25 C:\\Users\\comer\\OneDrive\\Documentos\\Projectos\\Ajustes\\Karamba\\vendor\\laravel\\framework\\src\\Illuminate\\Foundation\\Http\\Middleware\\TransformsRequest.php(21): Illuminate\\Pipeline\\Pipeline->Illuminate\\Pipeline\\{closure}(Object(Illuminate\\Http\\Request))
#26 C:\\Users\\comer\\OneDrive\\Documentos\\Projectos\\Ajustes\\Karamba\\vendor\\laravel\\framework\\src\\Illuminate\\Foundation\\Http\\Middleware\\TrimStrings.php(40): Illuminate\\Foundation\\Http\\Middleware\\TransformsRequest->handle(Object(Illuminate\\Http\\Request), Object(Closure))
#27 C:\\Users\\comer\\OneDrive\\Documentos\\Projectos\\Ajustes\\Karamba\\vendor\\laravel\\framework\\src\\Illuminate\\Pipeline\\Pipeline.php(183): Illuminate\\Foundation\\Http\\Middleware\\TrimStrings->handle(Object(Illuminate\\Http\\Request), Object(Closure))
#28 C:\\Users\\comer\\OneDrive\\Documentos\\Projectos\\Ajustes\\Karamba\\vendor\\laravel\\framework\\src\\Illuminate\\Foundation\\Http\\Middleware\\ValidatePostSize.php(27): Illuminate\\Pipeline\\Pipeline->Illuminate\\Pipeline\\{closure}(Object(Illuminate\\Http\\Request))
#29 C:\\Users\\comer\\OneDrive\\Documentos\\Projectos\\Ajustes\\Karamba\\vendor\\laravel\\framework\\src\\Illuminate\\Pipeline\\Pipeline.php(183): Illuminate\\Foundation\\Http\\Middleware\\ValidatePostSize->handle(Object(Illuminate\\Http\\Request), Object(Closure))
#30 C:\\Users\\comer\\OneDrive\\Documentos\\Projectos\\Ajustes\\Karamba\\vendor\\laravel\\framework\\src\\Illuminate\\Foundation\\Http\\Middleware\\PreventRequestsDuringMaintenance.php(99): Illuminate\\Pipeline\\Pipeline->Illuminate\\Pipeline\\{closure}(Object(Illuminate\\Http\\Request))
#31 C:\\Users\\comer\\OneDrive\\Documentos\\Projectos\\Ajustes\\Karamba\\vendor\\laravel\\framework\\src\\Illuminate\\Pipeline\\Pipeline.php(183): Illuminate\\Foundation\\Http\\Middleware\\PreventRequestsDuringMaintenance->handle(Object(Illuminate\\Http\\Request), Object(Closure))
#32 C:\\Users\\comer\\OneDrive\\Documentos\\Projectos\\Ajustes\\Karamba\\vendor\\laravel\\framework\\src\\Illuminate\\Http\\Middleware\\HandleCors.php(49): Illuminate\\Pipeline\\Pipeline->Illuminate\\Pipeline\\{closure}(Object(Illuminate\\Http\\Request))
#33 C:\\Users\\comer\\OneDrive\\Documentos\\Projectos\\Ajustes\\Karamba\\vendor\\laravel\\framework\\src\\Illuminate\\Pipeline\\Pipeline.php(183): Illuminate\\Http\\Middleware\\HandleCors->handle(Object(Illuminate\\Http\\Request), Object(Closure))
#34 C:\\Users\\comer\\OneDrive\\Documentos\\Projectos\\Ajustes\\Karamba\\vendor\\laravel\\framework\\src\\Illuminate\\Http\\Middleware\\TrustProxies.php(39): Illuminate\\Pipeline\\Pipeline->Illuminate\\Pipeline\\{closure}(Object(Illuminate\\Http\\Request))
#35 C:\\Users\\comer\\OneDrive\\Documentos\\Projectos\\Ajustes\\Karamba\\vendor\\laravel\\framework\\src\\Illuminate\\Pipeline\\Pipeline.php(183): Illuminate\\Http\\Middleware\\TrustProxies->handle(Object(Illuminate\\Http\\Request), Object(Closure))
#36 C:\\Users\\comer\\OneDrive\\Documentos\\Projectos\\Ajustes\\Karamba\\vendor\\laravel\\framework\\src\\Illuminate\\Pipeline\\Pipeline.php(119): Illuminate\\Pipeline\\Pipeline->Illuminate\\Pipeline\\{closure}(Object(Illuminate\\Http\\Request))
#37 C:\\Users\\comer\\OneDrive\\Documentos\\Projectos\\Ajustes\\Karamba\\vendor\\laravel\\framework\\src\\Illuminate\\Foundation\\Http\\Kernel.php(175): Illuminate\\Pipeline\\Pipeline->then(Object(Closure))
#38 C:\\Users\\comer\\OneDrive\\Documentos\\Projectos\\Ajustes\\Karamba\\vendor\\laravel\\framework\\src\\Illuminate\\Foundation\\Http\\Kernel.php(144): Illuminate\\Foundation\\Http\\Kernel->sendRequestThroughRouter(Object(Illuminate\\Http\\Request))
#39 C:\\Users\\comer\\OneDrive\\Documentos\\Projectos\\Ajustes\\Karamba\\public\\index.php(52): Illuminate\\Foundation\\Http\\Kernel->handle(Object(Illuminate\\Http\\Request))
#40 C:\\Users\\comer\\OneDrive\\Documentos\\Projectos\\Ajustes\\Karamba\\vendor\\laravel\\framework\\src\\Illuminate\\Foundation\\resources\\server.php(16): require_once('C:\\\\Users\\\\comer\\\\...')
#41 {main}
"} 
[2024-01-13 08:56:00] local.ERROR: file_put_contents(C:\Users\comer\OneDrive\Documentos\Projectos\Ajustes\Karamba\Karamba\storage\framework/sessions/FWmEYWeRmZBKOj0kKobiqQMaFs19O8NkRSBSig4k): Failed to open stream: No such file or directory {"exception":"[object] (ErrorException(code: 0): file_put_contents(C:\\Users\\comer\\OneDrive\\Documentos\\Projectos\\Ajustes\\Karamba\\Karamba\\storage\\framework/sessions/FWmEYWeRmZBKOj0kKobiqQMaFs19O8NkRSBSig4k): Failed to open stream: No such file or directory at C:\\Users\\comer\\OneDrive\\Documentos\\Projectos\\Ajustes\\Karamba\\vendor\\laravel\\framework\\src\\Illuminate\\Filesystem\\Filesystem.php:205)
[stacktrace]
#0 C:\\Users\\comer\\OneDrive\\Documentos\\Projectos\\Ajustes\\Karamba\\vendor\\laravel\\framework\\src\\Illuminate\\Foundation\\Bootstrap\\HandleExceptions.php(255): Illuminate\\Foundation\\Bootstrap\\HandleExceptions->handleError(2, 'file_put_conten...', 'C:\\\\Users\\\\comer\\\\...', 205)
#1 [internal function]: Illuminate\\Foundation\\Bootstrap\\HandleExceptions->Illuminate\\Foundation\\Bootstrap\\{closure}(2, 'file_put_conten...', 'C:\\\\Users\\\\comer\\\\...', 205)
#2 C:\\Users\\comer\\OneDrive\\Documentos\\Projectos\\Ajustes\\Karamba\\vendor\\laravel\\framework\\src\\Illuminate\\Filesystem\\Filesystem.php(205): file_put_contents('C:\\\\Users\\\\comer\\\\...', 'a:4:{s:6:\"_toke...', 2)
#3 C:\\Users\\comer\\OneDrive\\Documentos\\Projectos\\Ajustes\\Karamba\\vendor\\laravel\\framework\\src\\Illuminate\\Session\\FileSessionHandler.php(90): Illuminate\\Filesystem\\Filesystem->put('C:\\\\Users\\\\comer\\\\...', 'a:4:{s:6:\"_toke...', true)
#4 C:\\Users\\comer\\OneDrive\\Documentos\\Projectos\\Ajustes\\Karamba\\vendor\\laravel\\framework\\src\\Illuminate\\Session\\Store.php(173): Illuminate\\Session\\FileSessionHandler->write('FWmEYWeRmZBKOj0...', 'a:4:{s:6:\"_toke...')
#5 C:\\Users\\comer\\OneDrive\\Documentos\\Projectos\\Ajustes\\Karamba\\vendor\\laravel\\framework\\src\\Illuminate\\Session\\Middleware\\StartSession.php(245): Illuminate\\Session\\Store->save()
#6 C:\\Users\\comer\\OneDrive\\Documentos\\Projectos\\Ajustes\\Karamba\\vendor\\laravel\\framework\\src\\Illuminate\\Session\\Middleware\\StartSession.php(130): Illuminate\\Session\\Middleware\\StartSession->saveSession(Object(Illuminate\\Http\\Request))
#7 C:\\Users\\comer\\OneDrive\\Documentos\\Projectos\\Ajustes\\Karamba\\vendor\\laravel\\framework\\src\\Illuminate\\Session\\Middleware\\StartSession.php(64): Illuminate\\Session\\Middleware\\StartSession->handleStatefulRequest(Object(Illuminate\\Http\\Request), Object(Illuminate\\Session\\Store), Object(Closure))
#8 C:\\Users\\comer\\OneDrive\\Documentos\\Projectos\\Ajustes\\Karamba\\vendor\\laravel\\framework\\src\\Illuminate\\Pipeline\\Pipeline.php(183): Illuminate\\Session\\Middleware\\StartSession->handle(Object(Illuminate\\Http\\Request), Object(Closure))
#9 C:\\Users\\comer\\OneDrive\\Documentos\\Projectos\\Ajustes\\Karamba\\vendor\\laravel\\framework\\src\\Illuminate\\Cookie\\Middleware\\AddQueuedCookiesToResponse.php(37): Illuminate\\Pipeline\\Pipeline->Illuminate\\Pipeline\\{closure}(Object(Illuminate\\Http\\Request))
#10 C:\\Users\\comer\\OneDrive\\Documentos\\Projectos\\Ajustes\\Karamba\\vendor\\laravel\\framework\\src\\Illuminate\\Pipeline\\Pipeline.php(183): Illuminate\\Cookie\\Middleware\\AddQueuedCookiesToResponse->handle(Object(Illuminate\\Http\\Request), Object(Closure))
#11 C:\\Users\\comer\\OneDrive\\Documentos\\Projectos\\Ajustes\\Karamba\\vendor\\laravel\\framework\\src\\Illuminate\\Cookie\\Middleware\\EncryptCookies.php(67): Illuminate\\Pipeline\\Pipeline->Illuminate\\Pipeline\\{closure}(Object(Illuminate\\Http\\Request))
#12 C:\\Users\\comer\\OneDrive\\Documentos\\Projectos\\Ajustes\\Karamba\\vendor\\laravel\\framework\\src\\Illuminate\\Pipeline\\Pipeline.php(183): Illuminate\\Cookie\\Middleware\\EncryptCookies->handle(Object(Illuminate\\Http\\Request), Object(Closure))
#13 C:\\Users\\comer\\OneDrive\\Documentos\\Projectos\\Ajustes\\Karamba\\vendor\\laravel\\framework\\src\\Illuminate\\Pipeline\\Pipeline.php(119): Illuminate\\Pipeline\\Pipeline->Illuminate\\Pipeline\\{closure}(Object(Illuminate\\Http\\Request))
#14 C:\\Users\\comer\\OneDrive\\Documentos\\Projectos\\Ajustes\\Karamba\\vendor\\laravel\\framework\\src\\Illuminate\\Routing\\Router.php(807): Illuminate\\Pipeline\\Pipeline->then(Object(Closure))
#15 C:\\Users\\comer\\OneDrive\\Documentos\\Projectos\\Ajustes\\Karamba\\vendor\\laravel\\framework\\src\\Illuminate\\Routing\\Router.php(784): Illuminate\\Routing\\Router->runRouteWithinStack(Object(Illuminate\\Routing\\Route), Object(Illuminate\\Http\\Request))
#16 C:\\Users\\comer\\OneDrive\\Documentos\\Projectos\\Ajustes\\Karamba\\vendor\\laravel\\framework\\src\\Illuminate\\Routing\\Router.php(748): Illuminate\\Routing\\Router->runRoute(Object(Illuminate\\Http\\Request), Object(Illuminate\\Routing\\Route))
#17 C:\\Users\\comer\\OneDrive\\Documentos\\Projectos\\Ajustes\\Karamba\\vendor\\laravel\\framework\\src\\Illuminate\\Routing\\Router.php(737): Illuminate\\Routing\\Router->dispatchToRoute(Object(Illuminate\\Http\\Request))
#18 C:\\Users\\comer\\OneDrive\\Documentos\\Projectos\\Ajustes\\Karamba\\vendor\\laravel\\framework\\src\\Illuminate\\Foundation\\Http\\Kernel.php(200): Illuminate\\Routing\\Router->dispatch(Object(Illuminate\\Http\\Request))
#19 C:\\Users\\comer\\OneDrive\\Documentos\\Projectos\\Ajustes\\Karamba\\vendor\\laravel\\framework\\src\\Illuminate\\Pipeline\\Pipeline.php(144): Illuminate\\Foundation\\Http\\Kernel->Illuminate\\Foundation\\Http\\{closure}(Object(Illuminate\\Http\\Request))
#20 C:\\Users\\comer\\OneDrive\\Documentos\\Projectos\\Ajustes\\Karamba\\vendor\\livewire\\livewire\\src\\Features\\SupportDisablingBackButtonCache\\DisableBackButtonCacheMiddleware.php(19): Illuminate\\Pipeline\\Pipeline->Illuminate\\Pipeline\\{closure}(Object(Illuminate\\Http\\Request))
#21 C:\\Users\\comer\\OneDrive\\Documentos\\Projectos\\Ajustes\\Karamba\\vendor\\laravel\\framework\\src\\Illuminate\\Pipeline\\Pipeline.php(183): Livewire\\Features\\SupportDisablingBackButtonCache\\DisableBackButtonCacheMiddleware->handle(Object(Illuminate\\Http\\Request), Object(Closure))
#22 C:\\Users\\comer\\OneDrive\\Documentos\\Projectos\\Ajustes\\Karamba\\vendor\\laravel\\framework\\src\\Illuminate\\Foundation\\Http\\Middleware\\TransformsRequest.php(21): Illuminate\\Pipeline\\Pipeline->Illuminate\\Pipeline\\{closure}(Object(Illuminate\\Http\\Request))
#23 C:\\Users\\comer\\OneDrive\\Documentos\\Projectos\\Ajustes\\Karamba\\vendor\\laravel\\framework\\src\\Illuminate\\Foundation\\Http\\Middleware\\ConvertEmptyStringsToNull.php(31): Illuminate\\Foundation\\Http\\Middleware\\TransformsRequest->handle(Object(Illuminate\\Http\\Request), Object(Closure))
#24 C:\\Users\\comer\\OneDrive\\Documentos\\Projectos\\Ajustes\\Karamba\\vendor\\laravel\\framework\\src\\Illuminate\\Pipeline\\Pipeline.php(183): Illuminate\\Foundation\\Http\\Middleware\\ConvertEmptyStringsToNull->handle(Object(Illuminate\\Http\\Request), Object(Closure))
#25 C:\\Users\\comer\\OneDrive\\Documentos\\Projectos\\Ajustes\\Karamba\\vendor\\laravel\\framework\\src\\Illuminate\\Foundation\\Http\\Middleware\\TransformsRequest.php(21): Illuminate\\Pipeline\\Pipeline->Illuminate\\Pipeline\\{closure}(Object(Illuminate\\Http\\Request))
#26 C:\\Users\\comer\\OneDrive\\Documentos\\Projectos\\Ajustes\\Karamba\\vendor\\laravel\\framework\\src\\Illuminate\\Foundation\\Http\\Middleware\\TrimStrings.php(40): Illuminate\\Foundation\\Http\\Middleware\\TransformsRequest->handle(Object(Illuminate\\Http\\Request), Object(Closure))
#27 C:\\Users\\comer\\OneDrive\\Documentos\\Projectos\\Ajustes\\Karamba\\vendor\\laravel\\framework\\src\\Illuminate\\Pipeline\\Pipeline.php(183): Illuminate\\Foundation\\Http\\Middleware\\TrimStrings->handle(Object(Illuminate\\Http\\Request), Object(Closure))
#28 C:\\Users\\comer\\OneDrive\\Documentos\\Projectos\\Ajustes\\Karamba\\vendor\\laravel\\framework\\src\\Illuminate\\Foundation\\Http\\Middleware\\ValidatePostSize.php(27): Illuminate\\Pipeline\\Pipeline->Illuminate\\Pipeline\\{closure}(Object(Illuminate\\Http\\Request))
#29 C:\\Users\\comer\\OneDrive\\Documentos\\Projectos\\Ajustes\\Karamba\\vendor\\laravel\\framework\\src\\Illuminate\\Pipeline\\Pipeline.php(183): Illuminate\\Foundation\\Http\\Middleware\\ValidatePostSize->handle(Object(Illuminate\\Http\\Request), Object(Closure))
#30 C:\\Users\\comer\\OneDrive\\Documentos\\Projectos\\Ajustes\\Karamba\\vendor\\laravel\\framework\\src\\Illuminate\\Foundation\\Http\\Middleware\\PreventRequestsDuringMaintenance.php(99): Illuminate\\Pipeline\\Pipeline->Illuminate\\Pipeline\\{closure}(Object(Illuminate\\Http\\Request))
#31 C:\\Users\\comer\\OneDrive\\Documentos\\Projectos\\Ajustes\\Karamba\\vendor\\laravel\\framework\\src\\Illuminate\\Pipeline\\Pipeline.php(183): Illuminate\\Foundation\\Http\\Middleware\\PreventRequestsDuringMaintenance->handle(Object(Illuminate\\Http\\Request), Object(Closure))
#32 C:\\Users\\comer\\OneDrive\\Documentos\\Projectos\\Ajustes\\Karamba\\vendor\\laravel\\framework\\src\\Illuminate\\Http\\Middleware\\HandleCors.php(49): Illuminate\\Pipeline\\Pipeline->Illuminate\\Pipeline\\{closure}(Object(Illuminate\\Http\\Request))
#33 C:\\Users\\comer\\OneDrive\\Documentos\\Projectos\\Ajustes\\Karamba\\vendor\\laravel\\framework\\src\\Illuminate\\Pipeline\\Pipeline.php(183): Illuminate\\Http\\Middleware\\HandleCors->handle(Object(Illuminate\\Http\\Request), Object(Closure))
#34 C:\\Users\\comer\\OneDrive\\Documentos\\Projectos\\Ajustes\\Karamba\\vendor\\laravel\\framework\\src\\Illuminate\\Http\\Middleware\\TrustProxies.php(39): Illuminate\\Pipeline\\Pipeline->Illuminate\\Pipeline\\{closure}(Object(Illuminate\\Http\\Request))
#35 C:\\Users\\comer\\OneDrive\\Documentos\\Projectos\\Ajustes\\Karamba\\vendor\\laravel\\framework\\src\\Illuminate\\Pipeline\\Pipeline.php(183): Illuminate\\Http\\Middleware\\TrustProxies->handle(Object(Illuminate\\Http\\Request), Object(Closure))
#36 C:\\Users\\comer\\OneDrive\\Documentos\\Projectos\\Ajustes\\Karamba\\vendor\\laravel\\framework\\src\\Illuminate\\Pipeline\\Pipeline.php(119): Illuminate\\Pipeline\\Pipeline->Illuminate\\Pipeline\\{closure}(Object(Illuminate\\Http\\Request))
#37 C:\\Users\\comer\\OneDrive\\Documentos\\Projectos\\Ajustes\\Karamba\\vendor\\laravel\\framework\\src\\Illuminate\\Foundation\\Http\\Kernel.php(175): Illuminate\\Pipeline\\Pipeline->then(Object(Closure))
#38 C:\\Users\\comer\\OneDrive\\Documentos\\Projectos\\Ajustes\\Karamba\\vendor\\laravel\\framework\\src\\Illuminate\\Foundation\\Http\\Kernel.php(144): Illuminate\\Foundation\\Http\\Kernel->sendRequestThroughRouter(Object(Illuminate\\Http\\Request))
#39 C:\\Users\\comer\\OneDrive\\Documentos\\Projectos\\Ajustes\\Karamba\\public\\index.php(52): Illuminate\\Foundation\\Http\\Kernel->handle(Object(Illuminate\\Http\\Request))
#40 C:\\Users\\comer\\OneDrive\\Documentos\\Projectos\\Ajustes\\Karamba\\vendor\\laravel\\framework\\src\\Illuminate\\Foundation\\resources\\server.php(16): require_once('C:\\\\Users\\\\comer\\\\...')
#41 {main}
"} 
